<?xml version="1.0" encoding="utf-8" standalone="no"?>
<!--This file represents the results of running a test suite-->
<test-results name="C:\_code\Testing\PServerClient\PServerClient.Tests.nunit" total="3" errors="0" failures="0" not-run="0" inconclusive="0" ignored="0" skipped="0" invalid="0" date="2010-01-04" time="15:46:38">
  <environment nunit-version="2.5.2.9222" clr-version="2.0.50727.3603" os-version="Microsoft Windows NT 5.1.2600 Service Pack 3" platform="Win32NT" cwd="C:\_code\Testing\PServerClient\PServerClient.IntegrationTests\bin" machine-name="WICL9MGHZK1" user="abougie" user-domain="AAH" />
  <culture-info current-culture="en-US" current-uiculture="en-US" />
  <test-suite name="C:\_code\Testing\PServerClient\PServerClient.Tests.nunit" executed="True" success="True" time="0.190" asserts="0">
    <results>
      <test-suite name="C:\_code\Testing\PServerClient\PServerClient.Tests\bin\PServerClient.Tests.dll" executed="True" success="True" time="0.180" asserts="0">
        <results>
          <test-suite name="PServerClient" executed="True" success="True" time="0.180" asserts="0">
            <results>
              <test-suite name="Tests" executed="True" success="True" time="0.180" asserts="0">
                <results>
                  <test-suite name="CVSTest" executed="True" success="True" time="0.180" asserts="0">
                    <results>
                      <test-case name="PServerClient.Tests.CVSTest.EntryTest" executed="True" success="True" time="0.170" asserts="5" />
                      <test-case name="PServerClient.Tests.CVSTest.FolderTest" executed="True" success="True" time="0.010" asserts="17" />
                      <test-case name="PServerClient.Tests.CVSTest.RootTest" executed="True" success="True" time="0.000" asserts="1" />
                    </results>
                  </test-suite>
                </results>
              </test-suite>
            </results>
          </test-suite>
        </results>
      </test-suite>
    </results>
  </test-suite>
</test-results>