<?xml version="1.0" encoding="utf-8" standalone="no"?>
<!--This file represents the results of running a test suite-->
<test-results name="C:\_code\Testing\PServerClient\PServerClient.Tests.nunit" total="164" errors="0" failures="0" not-run="1" inconclusive="0" ignored="1" skipped="0" invalid="0" date="2009-12-22" time="14:21:57">
  <environment nunit-version="2.5.2.9222" clr-version="2.0.50727.3603" os-version="Microsoft Windows NT 5.1.2600 Service Pack 3" platform="Win32NT" cwd="C:\_code\Testing\PServerClient\PServerClient.IntegrationTests\bin" machine-name="WICL9MGHZK1" user="abougie" user-domain="AAH" />
  <culture-info current-culture="en-US" current-uiculture="en-US" />
  <test-suite name="C:\_code\Testing\PServerClient\PServerClient.Tests.nunit" executed="True" success="True" time="5.468" asserts="0">
    <results>
      <test-suite name="C:\_code\Testing\PServerClient\PServerClient.Tests\bin\PServerClient.Tests.dll" executed="True" success="True" time="5.468" asserts="0">
        <results>
          <test-suite name="PServerClient" executed="True" success="True" time="5.468" asserts="0">
            <results>
              <test-suite name="Tests" executed="True" success="True" time="5.468" asserts="0">
                <results>
                  <test-suite name="Commands" executed="True" success="True" time="1.582" asserts="0">
                    <results>
                      <test-suite name="AddCommandTest" executed="True" success="True" time="0.010" asserts="0">
                        <results>
                          <test-case name="PServerClient.Tests.Commands.AddCommandTest.Test" executed="True" success="True" time="0.010" asserts="0" />
                        </results>
                      </test-suite>
                      <test-suite name="CheckoutCommandTest" executed="True" success="True" time="0.340" asserts="0">
                        <results>
                          <test-case name="PServerClient.Tests.Commands.CheckoutCommandTest.Test" executed="True" success="True" time="0.130" asserts="0" />
                        </results>
                      </test-suite>
                      <test-suite name="CommandBaseTest" executed="True" success="True" time="1.202" asserts="0">
                        <results>
                          <test-case name="PServerClient.Tests.Commands.CommandBaseTest.AllRequestsValidTest" executed="True" success="True" time="0.691" asserts="2" />
                          <test-case name="PServerClient.Tests.Commands.CommandBaseTest.CommandBaseExecuteTest" executed="True" success="True" time="0.270" asserts="0" />
                          <test-case name="PServerClient.Tests.Commands.CommandBaseTest.CommandBaseExecuteWhenAuthFailedTest" executed="True" success="True" time="0.070" asserts="0" />
                          <test-case name="PServerClient.Tests.Commands.CommandBaseTest.ExectuteRequiredRequestsPopulatesValidRequestTypesTest" executed="True" success="True" time="0.010" asserts="2" />
                          <test-case name="PServerClient.Tests.Commands.CommandBaseTest.ExecuteRequiredRequestsAuthFailExitCodeFailTest" executed="True" success="True" time="0.010" asserts="1" />
                          <test-case name="PServerClient.Tests.Commands.CommandBaseTest.ExecuteRequiredRequestsFailsTest" executed="True" success="True" time="0.010" asserts="1" />
                          <test-case name="PServerClient.Tests.Commands.CommandBaseTest.GetResponsesTest" executed="True" success="True" time="0.020" asserts="0" />
                        </results>
                      </test-suite>
                      <test-suite name="ExportCommandTest" executed="True" success="True" time="0.000" asserts="0">
                        <results>
                          <test-case name="PServerClient.Tests.Commands.ExportCommandTest.Test" executed="True" success="True" time="0.000" asserts="0" />
                        </results>
                      </test-suite>
                      <test-suite name="UpdateCommandTest" executed="True" success="True" time="0.000" asserts="0">
                        <results>
                          <test-case name="PServerClient.Tests.Commands.UpdateCommandTest.Test" executed="True" success="True" time="0.000" asserts="0" />
                        </results>
                      </test-suite>
                      <test-suite name="ValidRequestsListCommandTest" executed="True" success="True" time="0.000" asserts="0">
                        <results>
                          <test-case name="PServerClient.Tests.Commands.ValidRequestsListCommandTest.ConstructorTest" executed="True" success="True" time="0.000" asserts="2" />
                        </results>
                      </test-suite>
                      <test-suite name="VerifyAuthCommandTest" executed="True" success="True" time="0.010" asserts="0">
                        <results>
                          <test-case name="PServerClient.Tests.Commands.VerifyAuthCommandTest.CommandBaseStatusTest" executed="True" success="True" time="0.010" asserts="1" />
                          <test-case name="PServerClient.Tests.Commands.VerifyAuthCommandTest.VerifyAuthCommandConstructorTest" executed="True" success="True" time="0.000" asserts="2" />
                        </results>
                      </test-suite>
                    </results>
                  </test-suite>
                  <test-suite name="CVSFolderTest" executed="True" success="True" time="0.280" asserts="0">
                    <results>
                      <test-case name="PServerClient.Tests.CVSFolderTest.ConstructorTest" executed="True" success="True" time="0.050" asserts="4" />
                      <test-case name="PServerClient.Tests.CVSFolderTest.ReadEntriesTest" executed="True" success="True" time="0.180" asserts="7" />
                      <test-case name="PServerClient.Tests.CVSFolderTest.ReadRepositoryFile" executed="True" success="True" time="0.010" asserts="1" />
                      <test-case name="PServerClient.Tests.CVSFolderTest.ReadRootFileTest" executed="True" success="True" time="0.010" asserts="1" />
                      <test-case name="PServerClient.Tests.CVSFolderTest.WriteEntriesTest" executed="True" success="True" time="0.010" asserts="0" />
                      <test-case name="PServerClient.Tests.CVSFolderTest.WriteRepositoryFile" executed="True" success="True" time="0.010" asserts="0" />
                      <test-case name="PServerClient.Tests.CVSFolderTest.WriteRootFileTest" executed="True" success="True" time="0.010" asserts="0" />
                    </results>
                  </test-suite>
                  <test-suite name="CvsRootTests" executed="True" success="True" time="0.010" asserts="0">
                    <results>
                      <test-case name="PServerClient.Tests.CvsRootTests.ConstructorTest" executed="True" success="True" time="0.010" asserts="7" />
                      <test-case name="PServerClient.Tests.CvsRootTests.GetModuleFolderTest" executed="True" success="True" time="0.000" asserts="1" />
                      <test-case name="PServerClient.Tests.CvsRootTests.GetModuleFolderWithMultipleNamesInPathTest" executed="True" success="True" time="0.000" asserts="0" />
                    </results>
                  </test-suite>
                  <test-suite name="PServerConnectionTests" executed="True" success="True" time="3.104" asserts="0">
                    <results>
                      <test-case name="PServerClient.Tests.PServerConnectionTests.CloseTest" executed="True" success="True" time="0.050" asserts="0" />
                      <test-case name="PServerClient.Tests.PServerConnectionTests.ConnectTest" executed="True" success="True" time="0.010" asserts="0" />
                      <test-case name="PServerClient.Tests.PServerConnectionTests.GetResponseLinesMultipleLinesTest" executed="True" success="True" time="0.340" asserts="2" />
                      <test-case name="PServerClient.Tests.PServerConnectionTests.GetResponseLinesOneLineTest" executed="True" success="True" time="0.000" asserts="2" />
                      <test-case name="PServerClient.Tests.PServerConnectionTests.GetResponsesFileResponseTest" executed="True" success="True" time="0.451" asserts="2" />
                      <test-case name="PServerClient.Tests.PServerConnectionTests.GetResponsesOneLineResponsesTest" executed="True" success="True" time="0.290" asserts="2" />
                      <test-case name="PServerClient.Tests.PServerConnectionTests.GetResponsesOneResponseTest" executed="True" success="True" time="0.020" asserts="2" />
                      <test-case name="PServerClient.Tests.PServerConnectionTests.GetResponsesTest" executed="True" success="True" time="1.893" asserts="1" />
                      <test-case name="PServerClient.Tests.PServerConnectionTests.ReadLineTest" executed="True" success="True" time="0.030" asserts="1" />
                      <test-case name="PServerClient.Tests.PServerConnectionTests.TestReadBytes" executed="True" success="True" time="0.010" asserts="0" />
                    </results>
                  </test-suite>
                  <test-suite name="PServerHelperTest" executed="True" success="True" time="0.020" asserts="0">
                    <results>
                      <test-case name="PServerClient.Tests.PServerHelperTest.ConvertDateTimeToEntryFormatTest" executed="True" success="True" time="0.000" asserts="2" />
                      <test-case name="PServerClient.Tests.PServerHelperTest.ConvertDateTimeToRfc822StringTest" executed="True" success="True" time="0.000" asserts="1" />
                      <test-case name="PServerClient.Tests.PServerHelperTest.ConvertEntryFileDateStringToDateTimeTest" executed="True" success="True" time="0.000" asserts="1" />
                      <test-case name="PServerClient.Tests.PServerHelperTest.ConvertRfc822ToDateTimeTest" executed="True" success="True" time="0.000" asserts="1" />
                      <test-case name="PServerClient.Tests.PServerHelperTest.CreateModuleFolderStructureTest" executed="False">
                        <reason>
                          <message><![CDATA[]]></message>
                        </reason>
                      </test-case>
                      <test-case name="PServerClient.Tests.PServerHelperTest.DecodeTest" executed="True" success="True" time="0.000" asserts="1" />
                      <test-case name="PServerClient.Tests.PServerHelperTest.DecodeWithTrailingNullsTest" executed="True" success="True" time="0.010" asserts="1" />
                      <test-case name="PServerClient.Tests.PServerHelperTest.EncodeTest" executed="True" success="True" time="0.000" asserts="1" />
                      <test-case name="PServerClient.Tests.PServerHelperTest.Scramble" executed="True" success="True" time="0.000" asserts="0" />
                      <test-case name="PServerClient.Tests.PServerHelperTest.StringToEnumTest" executed="True" success="True" time="0.000" asserts="1" />
                      <test-case name="PServerClient.Tests.PServerHelperTest.TestPasswordScramble" executed="True" success="True" time="0.000" asserts="1" />
                      <test-case name="PServerClient.Tests.PServerHelperTest.UnscramblePasswordTest" executed="True" success="True" time="0.000" asserts="1" />
                    </results>
                  </test-suite>
                  <test-suite name="RequestTests" executed="True" success="True" time="0.110" asserts="0">
                    <results>
                      <test-case name="PServerClient.Tests.RequestTests.AddRequestTest" executed="True" success="True" time="0.000" asserts="3" />
                      <test-case name="PServerClient.Tests.RequestTests.AdminRequestTest" executed="True" success="True" time="0.000" asserts="3" />
                      <test-case name="PServerClient.Tests.RequestTests.AnnotateRequestTest" executed="True" success="True" time="0.000" asserts="3" />
                      <test-case name="PServerClient.Tests.RequestTests.ArgumentRequestTest" executed="True" success="True" time="0.000" asserts="3" />
                      <test-case name="PServerClient.Tests.RequestTests.ArgumentxRequestTest" executed="True" success="True" time="0.000" asserts="3" />
                      <test-case name="PServerClient.Tests.RequestTests.AuthRequestTest" executed="True" success="True" time="0.000" asserts="3" />
                      <test-case name="PServerClient.Tests.RequestTests.CaseRequestTest" executed="True" success="True" time="0.000" asserts="3" />
                      <test-case name="PServerClient.Tests.RequestTests.CheckinRequestTest" executed="True" success="True" time="0.000" asserts="3" />
                      <test-case name="PServerClient.Tests.RequestTests.CheckinTimeRequestTest" executed="True" success="True" time="0.000" asserts="3" />
                      <test-case name="PServerClient.Tests.RequestTests.CheckoutRequestTest" executed="True" success="True" time="0.000" asserts="3" />
                      <test-case name="PServerClient.Tests.RequestTests.DiffRequestTest" executed="True" success="True" time="0.000" asserts="3" />
                      <test-case name="PServerClient.Tests.RequestTests.DirectoryRequestTest" executed="True" success="True" time="0.010" asserts="3" />
                      <test-case name="PServerClient.Tests.RequestTests.EditorsRequestTest" executed="True" success="True" time="0.000" asserts="3" />
                      <test-case name="PServerClient.Tests.RequestTests.EmptyConflictsRequestTest" executed="True" success="True" time="0.000" asserts="3" />
                      <test-case name="PServerClient.Tests.RequestTests.EntryRequestTest" executed="True" success="True" time="0.000" asserts="3" />
                      <test-case name="PServerClient.Tests.RequestTests.ExpandModulesRequestTest" executed="True" success="True" time="0.000" asserts="3" />
                      <test-case name="PServerClient.Tests.RequestTests.ExportRequestTest" executed="True" success="True" time="0.000" asserts="3" />
                      <test-case name="PServerClient.Tests.RequestTests.GlobalOptionRequestTest" executed="True" success="True" time="0.000" asserts="3" />
                      <test-case name="PServerClient.Tests.RequestTests.GssapiAuthenticateRequestTest" executed="True" success="True" time="0.000" asserts="3" />
                      <test-case name="PServerClient.Tests.RequestTests.GssapiEncryptRequestTest" executed="True" success="True" time="0.000" asserts="3" />
                      <test-case name="PServerClient.Tests.RequestTests.GzipFileContentsRequestTest" executed="True" success="True" time="0.020" asserts="3" />
                      <test-case name="PServerClient.Tests.RequestTests.GzipStreamRequestTest" executed="True" success="True" time="0.000" asserts="3" />
                      <test-case name="PServerClient.Tests.RequestTests.HistoryRequestTest" executed="True" success="True" time="0.000" asserts="3" />
                      <test-case name="PServerClient.Tests.RequestTests.ImportRequestTest" executed="True" success="True" time="0.000" asserts="3" />
                      <test-case name="PServerClient.Tests.RequestTests.InitRequestTest" executed="True" success="True" time="0.000" asserts="3" />
                      <test-case name="PServerClient.Tests.RequestTests.IsModifiedRequestTest" executed="True" success="True" time="0.000" asserts="3" />
                      <test-case name="PServerClient.Tests.RequestTests.KerberosEncryptRequestTest" executed="True" success="True" time="0.000" asserts="3" />
                      <test-case name="PServerClient.Tests.RequestTests.KoptRequestTest" executed="True" success="True" time="0.000" asserts="3" />
                      <test-case name="PServerClient.Tests.RequestTests.LogRequestTest" executed="True" success="True" time="0.000" asserts="3" />
                      <test-case name="PServerClient.Tests.RequestTests.LostRequestTest" executed="True" success="True" time="0.000" asserts="3" />
                      <test-case name="PServerClient.Tests.RequestTests.MaxDotRequestTest" executed="True" success="True" time="0.000" asserts="3" />
                      <test-case name="PServerClient.Tests.RequestTests.ModifiedRequestTest" executed="True" success="True" time="0.000" asserts="3" />
                      <test-case name="PServerClient.Tests.RequestTests.NoopRequestTest" executed="True" success="True" time="0.000" asserts="3" />
                      <test-case name="PServerClient.Tests.RequestTests.NotifyRequestTest" executed="True" success="True" time="0.000" asserts="3" />
                      <test-case name="PServerClient.Tests.RequestTests.QuestionableRequestTest" executed="True" success="True" time="0.000" asserts="3" />
                      <test-case name="PServerClient.Tests.RequestTests.RAnnotateRequestTest" executed="True" success="True" time="0.000" asserts="3" />
                      <test-case name="PServerClient.Tests.RequestTests.RDiffRequestTest" executed="True" success="True" time="0.010" asserts="3" />
                      <test-case name="PServerClient.Tests.RequestTests.ReleaseRequestTest" executed="True" success="True" time="0.010" asserts="3" />
                      <test-case name="PServerClient.Tests.RequestTests.RemoveRequestTest" executed="True" success="True" time="0.000" asserts="3" />
                      <test-case name="PServerClient.Tests.RequestTests.RepositoryRequestTest" executed="True" success="True" time="0.000" asserts="3" />
                      <test-case name="PServerClient.Tests.RequestTests.RequestsToTypesTest" executed="True" success="True" time="0.000" asserts="3" />
                      <test-case name="PServerClient.Tests.RequestTests.RLogRequestTest" executed="True" success="True" time="0.000" asserts="3" />
                      <test-case name="PServerClient.Tests.RequestTests.RootRequestTest" executed="True" success="True" time="0.000" asserts="3" />
                      <test-case name="PServerClient.Tests.RequestTests.RTagRequestTest" executed="True" success="True" time="0.000" asserts="3" />
                      <test-case name="PServerClient.Tests.RequestTests.SetRequestTest" executed="True" success="True" time="0.000" asserts="3" />
                      <test-case name="PServerClient.Tests.RequestTests.StaticDirectoryRequestTest" executed="True" success="True" time="0.000" asserts="3" />
                      <test-case name="PServerClient.Tests.RequestTests.StatusRequestTest" executed="True" success="True" time="0.000" asserts="3" />
                      <test-case name="PServerClient.Tests.RequestTests.StickyRequestTest" executed="True" success="True" time="0.000" asserts="3" />
                      <test-case name="PServerClient.Tests.RequestTests.TagRequestTest" executed="True" success="True" time="0.000" asserts="3" />
                      <test-case name="PServerClient.Tests.RequestTests.UnchangedRequestTest" executed="True" success="True" time="0.020" asserts="3" />
                      <test-case name="PServerClient.Tests.RequestTests.UpdatePatchesTest" executed="True" success="True" time="0.000" asserts="3" />
                      <test-case name="PServerClient.Tests.RequestTests.UpdateRequestTest" executed="True" success="True" time="0.000" asserts="3" />
                      <test-case name="PServerClient.Tests.RequestTests.UseUnchangedRequestTest" executed="True" success="True" time="0.000" asserts="3" />
                      <test-case name="PServerClient.Tests.RequestTests.ValidRequestsRequestTest" executed="True" success="True" time="0.000" asserts="3" />
                      <test-case name="PServerClient.Tests.RequestTests.ValidResponsesRequestTest" executed="True" success="True" time="0.010" asserts="3" />
                      <test-case name="PServerClient.Tests.RequestTests.VerifyAuthRequestTest" executed="True" success="True" time="0.000" asserts="3" />
                      <test-case name="PServerClient.Tests.RequestTests.VersionRequestTest" executed="True" success="True" time="0.000" asserts="3" />
                      <test-case name="PServerClient.Tests.RequestTests.WatchAddRequestTest" executed="True" success="True" time="0.000" asserts="3" />
                      <test-case name="PServerClient.Tests.RequestTests.WatchersRequestTest" executed="True" success="True" time="0.000" asserts="3" />
                      <test-case name="PServerClient.Tests.RequestTests.WatchOffRequestTest" executed="True" success="True" time="0.000" asserts="3" />
                      <test-case name="PServerClient.Tests.RequestTests.WatchOnRequestTest" executed="True" success="True" time="0.000" asserts="3" />
                      <test-case name="PServerClient.Tests.RequestTests.WatchRemoveRequestTest" executed="True" success="True" time="0.000" asserts="3" />
                      <test-case name="PServerClient.Tests.RequestTests.WrapperSendmeRcsOptionsRequestTest" executed="True" success="True" time="0.000" asserts="3" />
                    </results>
                  </test-suite>
                  <test-suite name="ResponseFactoryTests" executed="True" success="True" time="0.030" asserts="0">
                    <results>
                      <test-case name="PServerClient.Tests.ResponseFactoryTests.CreateResponsesTest" executed="True" success="True" time="0.000" asserts="31" />
                      <test-case name="PServerClient.Tests.ResponseFactoryTests.ResponseTypeTest" executed="True" success="True" time="0.020" asserts="32" />
                    </results>
                  </test-suite>
                  <test-suite name="ResponseTests" executed="True" success="True" time="0.160" asserts="0">
                    <results>
                      <test-case name="PServerClient.Tests.ResponseTests.AuthResponseAuthenticatedTest" executed="True" success="True" time="0.000" asserts="2" />
                      <test-case name="PServerClient.Tests.ResponseTests.AuthResponseNotAuthenticatedTest" executed="True" success="True" time="0.000" asserts="2" />
                      <test-case name="PServerClient.Tests.ResponseTests.AuthResponseTest" executed="True" success="True" time="0.100" asserts="4" />
                      <test-case name="PServerClient.Tests.ResponseTests.CheckedInResponseTest" executed="True" success="True" time="0.000" asserts="4" />
                      <test-case name="PServerClient.Tests.ResponseTests.ChecksumResponseTest" executed="True" success="True" time="0.000" asserts="5" />
                      <test-case name="PServerClient.Tests.ResponseTests.ClearStaticDirectoryProcessResponseTest" executed="True" success="True" time="0.000" asserts="3" />
                      <test-case name="PServerClient.Tests.ResponseTests.ClearStaticDirectoryResponseTest" executed="True" success="True" time="0.000" asserts="5" />
                      <test-case name="PServerClient.Tests.ResponseTests.ClearStickyProcessResponseTest" executed="True" success="True" time="0.000" asserts="3" />
                      <test-case name="PServerClient.Tests.ResponseTests.ClearStickyResponseTest" executed="True" success="True" time="0.010" asserts="5" />
                      <test-case name="PServerClient.Tests.ResponseTests.CopyFileResponseTest" executed="True" success="True" time="0.000" asserts="5" />
                      <test-case name="PServerClient.Tests.ResponseTests.CreatedResponseTest" executed="True" success="True" time="0.000" asserts="4" />
                      <test-case name="PServerClient.Tests.ResponseTests.ErrorResponseTest" executed="True" success="True" time="0.000" asserts="4" />
                      <test-case name="PServerClient.Tests.ResponseTests.FileResponseBaseProcessMultipleDirectoriesTest" executed="True" success="True" time="0.000" asserts="9" />
                      <test-case name="PServerClient.Tests.ResponseTests.FileResponseBaseProcessTest" executed="True" success="True" time="0.000" asserts="7" />
                      <test-case name="PServerClient.Tests.ResponseTests.FlushResponseTest" executed="True" success="True" time="0.010" asserts="3" />
                      <test-case name="PServerClient.Tests.ResponseTests.MbinaryResponseTest" executed="True" success="True" time="0.000" asserts="4" />
                      <test-case name="PServerClient.Tests.ResponseTests.MergedResponseTest" executed="True" success="True" time="0.000" asserts="4" />
                      <test-case name="PServerClient.Tests.ResponseTests.MessageTagProcessResponseTest" executed="True" success="True" time="0.000" asserts="2" />
                      <test-case name="PServerClient.Tests.ResponseTests.MessageTagTest" executed="True" success="True" time="0.000" asserts="4" />
                      <test-case name="PServerClient.Tests.ResponseTests.MessageTest" executed="True" success="True" time="0.000" asserts="4" />
                      <test-case name="PServerClient.Tests.ResponseTests.ModeResponseTest" executed="True" success="True" time="0.010" asserts="4" />
                      <test-case name="PServerClient.Tests.ResponseTests.ModTimeProcessResponseTest" executed="True" success="True" time="0.000" asserts="2" />
                      <test-case name="PServerClient.Tests.ResponseTests.ModTimeTest" executed="True" success="True" time="0.000" asserts="4" />
                      <test-case name="PServerClient.Tests.ResponseTests.ModuleExpansionProcessResponseTest" executed="True" success="True" time="0.000" asserts="2" />
                      <test-case name="PServerClient.Tests.ResponseTests.ModuleExpansionResponseTest" executed="True" success="True" time="0.000" asserts="4" />
                      <test-case name="PServerClient.Tests.ResponseTests.NewEntryResponseTest" executed="True" success="True" time="0.000" asserts="5" />
                      <test-case name="PServerClient.Tests.ResponseTests.NotifiedResponseTest" executed="True" success="True" time="0.000" asserts="4" />
                      <test-case name="PServerClient.Tests.ResponseTests.NullResponseTest" executed="True" success="True" time="0.010" asserts="4" />
                      <test-case name="PServerClient.Tests.ResponseTests.OkProcessResponseTest" executed="True" success="True" time="0.000" asserts="1" />
                      <test-case name="PServerClient.Tests.ResponseTests.OkResponseTest" executed="True" success="True" time="0.000" asserts="4" />
                      <test-case name="PServerClient.Tests.ResponseTests.PatchedResponseTest" executed="True" success="True" time="0.000" asserts="4" />
                      <test-case name="PServerClient.Tests.ResponseTests.RcsDiffResponseTest" executed="True" success="True" time="0.000" asserts="4" />
                      <test-case name="PServerClient.Tests.ResponseTests.RemovedResponseTest" executed="True" success="True" time="0.000" asserts="4" />
                      <test-case name="PServerClient.Tests.ResponseTests.RemoveEntryResponseTest" executed="True" success="True" time="0.010" asserts="4" />
                      <test-case name="PServerClient.Tests.ResponseTests.SetStaticDirectoryResponseTest" executed="True" success="True" time="0.000" asserts="5" />
                      <test-case name="PServerClient.Tests.ResponseTests.SetStickyResponseTest" executed="True" success="True" time="0.000" asserts="5" />
                      <test-case name="PServerClient.Tests.ResponseTests.TemplateResponseTest" executed="True" success="True" time="0.000" asserts="4" />
                      <test-case name="PServerClient.Tests.ResponseTests.UpdatedResponseTest" executed="True" success="True" time="0.000" asserts="4" />
                      <test-case name="PServerClient.Tests.ResponseTests.UpdateExistingTest" executed="True" success="True" time="0.010" asserts="4" />
                      <test-case name="PServerClient.Tests.ResponseTests.ValidRequestResponseTest" executed="True" success="True" time="0.000" asserts="4" />
                      <test-case name="PServerClient.Tests.ResponseTests.ValidRequestsResponseProcessTest" executed="True" success="True" time="0.000" asserts="4" />
                      <test-case name="PServerClient.Tests.ResponseTests.WrapperRscOptionResponseTest" executed="True" success="True" time="0.000" asserts="3" />
                    </results>
                  </test-suite>
                  <test-suite name="ServerFileReceiverTest" executed="True" success="True" time="0.110" asserts="0">
                    <results>
                      <test-case name="PServerClient.Tests.ServerFileReceiverTest.AddNewEntryTest" executed="True" success="True" time="0.000" asserts="2" />
                      <test-case name="PServerClient.Tests.ServerFileReceiverTest.CreateFolderStructureTest" executed="True" success="True" time="0.080" asserts="4" />
                      <test-case name="PServerClient.Tests.ServerFileReceiverTest.ReceiveMTResponsesTest" executed="True" success="True" time="0.000" asserts="4" />
                      <test-case name="PServerClient.Tests.ServerFileReceiverTest.SaveFolderTest" executed="True" success="True" time="0.030" asserts="0" />
                    </results>
                  </test-suite>
                  <test-suite name="TestHelperTest" executed="True" success="True" time="0.020" asserts="0">
                    <results>
                      <test-case name="PServerClient.Tests.TestHelperTest.FileResponseFromXMLTest" executed="True" success="True" time="0.010" asserts="4" />
                      <test-case name="PServerClient.Tests.TestHelperTest.GetByteStringTest" executed="True" success="True" time="0.000" asserts="1" />
                      <test-case name="PServerClient.Tests.TestHelperTest.GetInfoFromUpdatedTest" executed="True" success="True" time="0.000" asserts="2" />
                      <test-case name="PServerClient.Tests.TestHelperTest.GetResponseFromXMLTest" executed="True" success="True" time="0.000" asserts="3" />
                      <test-case name="PServerClient.Tests.TestHelperTest.GetResponsesFromXMLTest" executed="True" success="True" time="0.000" asserts="1" />
                      <test-case name="PServerClient.Tests.TestHelperTest.GetValidResponsesStringTest" executed="True" success="True" time="0.000" asserts="1" />
                      <test-case name="PServerClient.Tests.TestHelperTest.RequestXMLTest" executed="True" success="True" time="0.000" asserts="0" />
                      <test-case name="PServerClient.Tests.TestHelperTest.ValidateResponseXMLTest" executed="True" success="True" time="0.010" asserts="3" />
                    </results>
                  </test-suite>
                </results>
              </test-suite>
            </results>
          </test-suite>
        </results>
      </test-suite>
    </results>
  </test-suite>
</test-results>